Determining if the pthread_create exist failed with the following output:
Change Dir: /storage/student5/advancedhpc2019/labwork/build/CMakeFiles/CMakeTmp

Run Build Command:"/usr/bin/make" "cmTC_f8f5f/fast"
/usr/bin/make -f CMakeFiles/cmTC_f8f5f.dir/build.make CMakeFiles/cmTC_f8f5f.dir/build
make[1]: Entering directory '/storage/student5/advancedhpc2019/labwork/build/CMakeFiles/CMakeTmp'
Building C object CMakeFiles/cmTC_f8f5f.dir/CheckSymbolExists.c.o
/usr/bin/cc    -fPIC    -o CMakeFiles/cmTC_f8f5f.dir/CheckSymbolExists.c.o   -c /storage/student5/advancedhpc2019/labwork/build/CMakeFiles/CMakeTmp/CheckSymbolExists.c
Linking C executable cmTC_f8f5f
/usr/bin/cmake -E cmake_link_script CMakeFiles/cmTC_f8f5f.dir/link.txt --verbose=1
/usr/bin/cc  -fPIC     CMakeFiles/cmTC_f8f5f.dir/CheckSymbolExists.c.o  -o cmTC_f8f5f -rdynamic 
CMakeFiles/cmTC_f8f5f.dir/CheckSymbolExists.c.o: In function `main':
CheckSymbolExists.c:(.text+0x1b): undefined reference to `pthread_create'
collect2: error: ld returned 1 exit status
CMakeFiles/cmTC_f8f5f.dir/build.make:97: recipe for target 'cmTC_f8f5f' failed
make[1]: *** [cmTC_f8f5f] Error 1
make[1]: Leaving directory '/storage/student5/advancedhpc2019/labwork/build/CMakeFiles/CMakeTmp'
Makefile:126: recipe for target 'cmTC_f8f5f/fast' failed
make: *** [cmTC_f8f5f/fast] Error 2

File /storage/student5/advancedhpc2019/labwork/build/CMakeFiles/CMakeTmp/CheckSymbolExists.c:
/* */
#include <pthread.h>

int main(int argc, char** argv)
{
  (void)argv;
#ifndef pthread_create
  return ((int*)(&pthread_create))[argc];
#else
  (void)argc;
  return 0;
#endif
}

Determining if the function pthread_create exists in the pthreads failed with the following output:
Change Dir: /storage/student5/advancedhpc2019/labwork/build/CMakeFiles/CMakeTmp

Run Build Command:"/usr/bin/make" "cmTC_569a0/fast"
/usr/bin/make -f CMakeFiles/cmTC_569a0.dir/build.make CMakeFiles/cmTC_569a0.dir/build
make[1]: Entering directory '/storage/student5/advancedhpc2019/labwork/build/CMakeFiles/CMakeTmp'
Building C object CMakeFiles/cmTC_569a0.dir/CheckFunctionExists.c.o
/usr/bin/cc    -fPIC -DCHECK_FUNCTION_EXISTS=pthread_create   -o CMakeFiles/cmTC_569a0.dir/CheckFunctionExists.c.o   -c /usr/share/cmake-3.7/Modules/CheckFunctionExists.c
Linking C executable cmTC_569a0
/usr/bin/cmake -E cmake_link_script CMakeFiles/cmTC_569a0.dir/link.txt --verbose=1
/usr/bin/cc  -fPIC -DCHECK_FUNCTION_EXISTS=pthread_create    CMakeFiles/cmTC_569a0.dir/CheckFunctionExists.c.o  -o cmTC_569a0 -rdynamic -lpthreads 
/usr/bin/ld: cannot find -lpthreads
collect2: error: ld returned 1 exit status
CMakeFiles/cmTC_569a0.dir/build.make:97: recipe for target 'cmTC_569a0' failed
make[1]: *** [cmTC_569a0] Error 1
make[1]: Leaving directory '/storage/student5/advancedhpc2019/labwork/build/CMakeFiles/CMakeTmp'
Makefile:126: recipe for target 'cmTC_569a0/fast' failed
make: *** [cmTC_569a0/fast] Error 2


